2024-11-20 05:00:00.109 [ spring-movie-info-service-0, 0b11548b8bbe218d, 673d1870a82bb1180b11548b8bbe218d, GET /api/v1/movie-rating ] [Request-Trace-Id: ] [http-nio-8082-exec-5] INFO  RequestCachingFilter - Request Received From 127.0.0.1
 Uri : /api/v1/movie-rating
 Method : GET
 Headers : [Trace-Id: [673d1870a82bb1180b11548b8bbe218d], host: [localhost:8082], Request-Received-Time-In-Ms: [2024-11-20T05:00:00.108967524], accept-encoding: [br, deflate, gzip, x-gzip], accept: [application/json], user-agent: [IntelliJ HTTP Client/IntelliJ IDEA 2024.3]]
 Request Body : 

2024-11-20 05:00:00.118 [ spring-movie-info-service-0, 0b11548b8bbe218d, 673d1870a82bb1180b11548b8bbe218d, GET /api/v1/movie-rating ] [Request-Trace-Id: ] [http-nio-8082-exec-5] INFO  RequestCachingFilter - Response Sending To 127.0.0.1
 Uri : /api/v1/movie-rating
 Path : /api/v1/movie-rating
 Headers : [Response-Sent-Time-In-Ms: [2024-11-20T05:00:00.117920614], Trace-Id: [673d1870a82bb1180b11548b8bbe218d]]
 Response Status : 200
 Content type : application/json
 Response Body : [{"id":1,"movieId":"1","rating":5},{"id":2,"movieId":"2","rating":4},{"id":3,"movieId":"3","rating":5}]

2024-11-20 05:00:02.294 [ spring-movie-info-service-0, 78290029e4f47fed, 673d18722fca070578290029e4f47fed, GET /api/v1/movie-rating/page ] [Request-Trace-Id: ] [http-nio-8082-exec-7] INFO  RequestCachingFilter - Request Received From 127.0.0.1
 Uri : /api/v1/movie-rating/page
 Method : GET
 Headers : [Trace-Id: [673d18722fca070578290029e4f47fed], host: [localhost:8082], Request-Received-Time-In-Ms: [2024-11-20T05:00:02.293911680], accept-encoding: [br, deflate, gzip, x-gzip], accept: [application/json], user-agent: [IntelliJ HTTP Client/IntelliJ IDEA 2024.3]]
 Request Body : 

2024-11-20 05:00:02.302 [ spring-movie-info-service-0, 78290029e4f47fed, 673d18722fca070578290029e4f47fed, GET /api/v1/movie-rating/page ] [Request-Trace-Id: ] [http-nio-8082-exec-7] INFO  RequestCachingFilter - Response Sending To 127.0.0.1
 Uri : /api/v1/movie-rating/page
 Path : /api/v1/movie-rating/page
 Headers : [Response-Sent-Time-In-Ms: [2024-11-20T05:00:02.302456061], Trace-Id: [673d18722fca070578290029e4f47fed]]
 Response Status : 200
 Content type : application/json
 Response Body : {"totalPages":1,"totalElements":3,"pageable":{"pageNumber":0,"pageSize":10,"sort":{"sorted":true,"unsorted":false,"empty":false},"offset":0,"paged":true,"unpaged":false},"first":true,"last":true,"size":10,"content":[{"id":1,"movieId":"1","rating":5},{"id":2,"movieId":"2","rating":4},{"id":3,"movieId":"3","rating":5}],"number":0,"sort":{"sorted":true,"unsorted":false,"empty":false},"numberOfElements":3,"empty":false}

2024-11-20 05:00:05.004 [ spring-movie-info-service-0, 78c2e51d0fb613d6, 673d187574e8737b78c2e51d0fb613d6, GET /api/v1/movie-rating/filter ] [Request-Trace-Id: ] [http-nio-8082-exec-8] INFO  RequestCachingFilter - Request Received From 127.0.0.1
 Uri : /api/v1/movie-rating/filter
 Method : GET
 Headers : [Trace-Id: [673d187574e8737b78c2e51d0fb613d6], host: [localhost:8082], Request-Received-Time-In-Ms: [2024-11-20T05:00:05.004713108], accept-encoding: [br, deflate, gzip, x-gzip], accept: [application/json], user-agent: [IntelliJ HTTP Client/IntelliJ IDEA 2024.3]]
 Request Body : 

2024-11-20 05:00:05.011 [ spring-movie-info-service-0, 78c2e51d0fb613d6, 673d187574e8737b78c2e51d0fb613d6, GET /api/v1/movie-rating/filter ] [Request-Trace-Id: ] [http-nio-8082-exec-8] INFO  RequestCachingFilter - Response Sending To 127.0.0.1
 Uri : /api/v1/movie-rating/filter
 Path : /api/v1/movie-rating/filter
 Headers : [Response-Sent-Time-In-Ms: [2024-11-20T05:00:05.011396633], Trace-Id: [673d187574e8737b78c2e51d0fb613d6]]
 Response Status : 200
 Content type : application/json
 Response Body : {"totalPages":1,"totalElements":1,"pageable":{"pageNumber":0,"pageSize":10,"sort":{"sorted":true,"unsorted":false,"empty":false},"offset":0,"paged":true,"unpaged":false},"first":true,"last":true,"size":10,"content":[{"id":1,"movieId":"1","rating":5}],"number":0,"sort":{"sorted":true,"unsorted":false,"empty":false},"numberOfElements":1,"empty":false}

2024-11-20 05:00:07.103 [ spring-movie-info-service-0, f612e778bc4b664a, 673d1877ab46be43f612e778bc4b664a, GET /api/v1/movie-rating/list-filter ] [Request-Trace-Id: ] [http-nio-8082-exec-9] INFO  RequestCachingFilter - Request Received From 127.0.0.1
 Uri : /api/v1/movie-rating/list-filter
 Method : GET
 Headers : [Trace-Id: [673d1877ab46be43f612e778bc4b664a], host: [localhost:8082], Request-Received-Time-In-Ms: [2024-11-20T05:00:07.103489012], accept-encoding: [br, deflate, gzip, x-gzip], accept: [application/json], user-agent: [IntelliJ HTTP Client/IntelliJ IDEA 2024.3]]
 Request Body : 

2024-11-20 05:00:07.111 [ spring-movie-info-service-0, f612e778bc4b664a, 673d1877ab46be43f612e778bc4b664a, GET /api/v1/movie-rating/list-filter ] [Request-Trace-Id: ] [http-nio-8082-exec-9] INFO  RequestCachingFilter - Response Sending To 127.0.0.1
 Uri : /api/v1/movie-rating/list-filter
 Path : /api/v1/movie-rating/list-filter
 Headers : [Response-Sent-Time-In-Ms: [2024-11-20T05:00:07.111461666], Trace-Id: [673d1877ab46be43f612e778bc4b664a]]
 Response Status : 200
 Content type : application/json
 Response Body : {"totalPages":1,"totalElements":2,"pageable":{"pageNumber":0,"pageSize":10,"sort":{"sorted":true,"unsorted":false,"empty":false},"offset":0,"paged":true,"unpaged":false},"first":true,"last":true,"size":10,"content":[{"id":1,"movieId":"1","rating":5},{"id":2,"movieId":"2","rating":4}],"number":0,"sort":{"sorted":true,"unsorted":false,"empty":false},"numberOfElements":2,"empty":false}

2024-11-20 05:02:07.572 [ spring-movie-info-service-0, , ,   ] [Request-Trace-Id: ] [SpringApplicationShutdownHook] INFO  AbstractEntityManagerFactoryBean - Closing JPA EntityManagerFactory for persistence unit 'default'
2024-11-20 05:02:07.575 [ spring-movie-info-service-0, , ,   ] [Request-Trace-Id: ] [SpringApplicationShutdownHook] INFO  HikariDataSource - HikariPool-1 - Shutdown initiated...
2024-11-20 05:02:07.584 [ spring-movie-info-service-0, , ,   ] [Request-Trace-Id: ] [SpringApplicationShutdownHook] INFO  HikariDataSource - HikariPool-1 - Shutdown completed.
